<?xml version="1.0" encoding="utf-8" standalone="no"?>
<!--This file represents the results of running a test suite-->
<test-results name="C:\Users\dzmitry_kratok\Dropbox\dot_net\Airline_NUnit\Airline\bin\Debug\Airline.exe" total="3" errors="0" failures="0" not-run="0" inconclusive="0" ignored="0" skipped="0" invalid="0" date="2015-05-21" time="18:09:28">
  <environment nunit-version="2.6.4.14350" clr-version="2.0.50727.5485" os-version="Microsoft Windows NT 6.1.7601 Service Pack 1" platform="Win32NT" cwd="C:\Program Files (x86)\NUnit 2.6.4\bin" machine-name="EPBYMINW2872" user="Dzmitry_Kratok" user-domain="MINSK" />
  <culture-info current-culture="en-US" current-uiculture="en-US" />
  <test-suite type="Assembly" name="C:\Users\dzmitry_kratok\Dropbox\dot_net\Airline_NUnit\Airline\bin\Debug\Airline.exe" executed="True" result="Success" success="True" time="0.012" asserts="0">
    <results>
      <test-suite type="Namespace" name="Airline" executed="True" result="Success" success="True" time="0.011" asserts="0">
        <results>
          <test-suite type="Namespace" name="NUnitTests" executed="True" result="Success" success="True" time="0.011" asserts="0">
            <results>
              <test-suite type="TestFixture" name="TicketsCalc_Positive" executed="True" result="Success" success="True" time="0.010" asserts="0">
                <categories>
                  <category name="Positive" />
                </categories>
                <results>
                  <test-suite type="ParameterizedTest" name="VerifyCommonTicketPricePositive" executed="True" result="Success" success="True" time="0.009" asserts="0">
                    <results>
                      <test-case name="Airline.NUnitTests.TicketsCalc_Positive.VerifyCommonTicketPricePositive(&quot;A4FR5&quot;,13000)" executed="True" result="Success" success="True" time="0.000" asserts="1" />
                      <test-case name="Airline.NUnitTests.TicketsCalc_Positive.VerifyCommonTicketPricePositive(&quot;BG459&quot;,21800)" executed="True" result="Success" success="True" time="0.000" asserts="1" />
                      <test-case name="Airline.NUnitTests.TicketsCalc_Positive.VerifyCommonTicketPricePositive(&quot;T456Y&quot;,15400)" executed="True" result="Success" success="True" time="0.000" asserts="1" />
                    </results>
                  </test-suite>
                </results>
              </test-suite>
            </results>
          </test-suite>
        </results>
      </test-suite>
    </results>
  </test-suite>
</test-results>