<?xml version="1.0" encoding="utf-8" standalone="no"?>
<!--This file represents the results of running a test suite-->
<test-results name="D:\git_DK\DKratok_Automation\Module5\WebDriver_Task3\WebDriver_Task2\bin\Debug\WebDriver_Task2.dll" total="4" errors="0" failures="0" not-run="0" inconclusive="0" ignored="0" skipped="0" invalid="0" date="2015-06-23" time="15:28:44">
  <environment nunit-version="2.6.4.14350" clr-version="2.0.50727.5485" os-version="Microsoft Windows NT 6.1.7601 Service Pack 1" platform="Win32NT" cwd="C:\Program Files (x86)\NUnit 2.6.4\bin" machine-name="EPBYMINW2872" user="Dzmitry_Kratok" user-domain="MINSK" />
  <culture-info current-culture="en-US" current-uiculture="en-US" />
  <test-suite type="Assembly" name="D:\git_DK\DKratok_Automation\Module5\WebDriver_Task3\WebDriver_Task2\bin\Debug\WebDriver_Task2.dll" executed="True" result="Success" success="True" time="105.469" asserts="0">
    <results>
      <test-suite type="Namespace" name="WebDriver_Task3" executed="True" result="Success" success="True" time="105.468" asserts="0">
        <results>
          <test-suite type="Namespace" name="Tests" executed="True" result="Success" success="True" time="105.468" asserts="0">
            <results>
              <test-suite type="GenericFixture" name="RemoteTests&lt;TDriver&gt;" executed="True" result="Success" success="True" time="105.468" asserts="0">
                <results>
                  <test-suite type="TestFixture" name="RemoteTests&lt;ChromeDriver&gt;" executed="True" result="Success" success="True" time="47.822" asserts="0">
                    <results>
                      <test-case name="WebDriver_Task3.Tests.RemoteTests&lt;ChromeDriver&gt;.isLogin" executed="True" result="Success" success="True" time="17.276" asserts="1" />
                      <test-case name="WebDriver_Task3.Tests.RemoteTests&lt;ChromeDriver&gt;.IsSavedasDraft" executed="True" result="Success" success="True" time="28.255" asserts="2" />
                    </results>
                  </test-suite>
                  <test-suite type="TestFixture" name="RemoteTests&lt;FirefoxDriver&gt;" executed="True" result="Success" success="True" time="57.640" asserts="0">
                    <results>
                      <test-case name="WebDriver_Task3.Tests.RemoteTests&lt;FirefoxDriver&gt;.isLogin" executed="True" result="Success" success="True" time="24.928" asserts="1" />
                      <test-case name="WebDriver_Task3.Tests.RemoteTests&lt;FirefoxDriver&gt;.IsSavedasDraft" executed="True" result="Success" success="True" time="25.064" asserts="2" />
                    </results>
                  </test-suite>
                </results>
              </test-suite>
            </results>
          </test-suite>
        </results>
      </test-suite>
    </results>
  </test-suite>
</test-results>