<?xml version="1.0" encoding="utf-8" standalone="no"?>
<!--This file represents the results of running a test suite-->
<test-results name="D:\git_DK\DKratok_Automation\Module5\Webdriver_Task1\AppTest\bin\Debug\AppTest.dll" total="1" errors="1" failures="0" not-run="0" inconclusive="0" ignored="0" skipped="0" invalid="0" date="2015-06-15" time="17:28:32">
  <environment nunit-version="2.6.4.14350" clr-version="2.0.50727.5485" os-version="Microsoft Windows NT 6.1.7601 Service Pack 1" platform="Win32NT" cwd="C:\Program Files (x86)\NUnit 2.6.4\bin" machine-name="EPBYMINW2872" user="Dzmitry_Kratok" user-domain="MINSK" />
  <culture-info current-culture="en-US" current-uiculture="en-US" />
  <test-suite type="Assembly" name="D:\git_DK\DKratok_Automation\Module5\Webdriver_Task1\AppTest\bin\Debug\AppTest.dll" executed="True" result="Failure" success="False" time="71.023" asserts="0">
    <results>
      <test-suite type="Namespace" name="AppTest" executed="True" result="Failure" success="False" time="71.007" asserts="0">
        <results>
          <test-suite type="Namespace" name="Pages" executed="True" result="Failure" success="False" time="71.006" asserts="0">
            <results>
              <test-suite type="TestFixture" name="MailingPage" executed="True" result="Failure" success="False" time="71.004" asserts="0">
                <results>
                  <test-case name="AppTest.Pages.MailingPage.IsSent" executed="True" result="Error" success="False" time="60.746" asserts="1">
                    <failure>
                      <message><![CDATA[System.ArgumentOutOfRangeException : startIndex must be less than length of string.
Parameter name: startIndex]]></message>
                      <stack-trace><![CDATA[at System.String.Remove(Int32 startIndex)
at AppTest.CommonMethods.StringTrim(String string1, String string2) in c:\Users\dzmitry_kratok\Dropbox\dot_net\_Webdriver_Task1\AppTest\CommonMethods.cs:line 19
at AppTest.Pages.MailingPage.IsSent() in c:\Users\dzmitry_kratok\Dropbox\dot_net\_Webdriver_Task1\AppTest\Pages\MailingPage.cs:line 121
]]></stack-trace>
                    </failure>
                  </test-case>
                </results>
              </test-suite>
            </results>
          </test-suite>
        </results>
      </test-suite>
    </results>
  </test-suite>
</test-results>